<?xml version="1.0" encoding="UTF-8"?>
<testng-results ignored="0" total="1" passed="1" failed="0" skipped="0">
  <reporter-output>
  </reporter-output>
  <suite started-at="2022-01-20T03:32:43 EAT" name="jdbc.PersistenceTest" finished-at="2022-01-20T03:32:43 EAT" duration-ms="519">
    <groups>
    </groups>
    <test started-at="2022-01-20T03:32:43 EAT" name="Command line test" finished-at="2022-01-20T03:32:43 EAT" duration-ms="519">
      <class name="jdbc.PersistenceTest">
        <test-method is-config="true" signature="setup()[pri:0, instance:jdbc.PersistenceTest@5f8edcc5]" started-at="2022-01-20T03:32:43 EAT" name="setup" finished-at="2022-01-20T03:32:43 EAT" duration-ms="270" status="PASS">
          <reporter-output>
          </reporter-output>
        </test-method> <!-- setup -->
        <test-method signature="readMessage()[pri:0, instance:jdbc.PersistenceTest@5f8edcc5]" started-at="2022-01-20T03:32:43 EAT" name="readMessage" finished-at="2022-01-20T03:32:43 EAT" duration-ms="214" status="PASS">
          <reporter-output>
          </reporter-output>
        </test-method> <!-- readMessage -->
      </class> <!-- jdbc.PersistenceTest -->
    </test> <!-- Command line test -->
  </suite> <!-- jdbc.PersistenceTest -->
</testng-results>
